<?xml version="1.0" encoding="UTF-8"?>
<!-- Generated by org.testng.reporters.JUnitReportReporter -->
<testsuite hostname="DESKTOP-6NS0LUE" failures="0" tests="1" name="Files.DataReader" time="0.370" errors="0" timestamp="2023-01-31T15:25:58 EST" skipped="0">
  <testcase classname="Files.DataReader" name="getJsonDataToMap" time="0.370"/>
  <system-out/>
</testsuite> <!-- Files.DataReader -->
