<?xml version="1.0" encoding="UTF-8"?>
<!-- Generated by org.testng.reporters.JUnitReportReporter -->
<testsuite hostname="DESKTOP-6NS0LUE" failures="0" tests="1" name="demo.PopulationProject.APIcall" time="6.202" errors="0" timestamp="30 Jan 2023 18:10:09 GMT">
  <testcase classname="demo.PopulationProject.APIcall" name="getCall" time="6.202"/>
</testsuite> <!-- demo.PopulationProject.APIcall -->
